<?xml version="1.0" encoding="UTF-8"?>
<!-- Generated by org.testng.reporters.JUnitReportReporter -->
<testsuite hostname="DESKTOP-64117D5" failures="0" tests="3" name="orgs.Download.utills.DownloadApp" time="122.513" errors="0" timestamp="2024-11-04T15:51:40 IST" skipped="0">
  <testcase classname="orgs.Download.utills.DownloadApp" name="runEdgeTests" time="45.318"/>
  <system-out/>
  <testcase classname="orgs.Download.utills.DownloadApp" name="runFirefoxTests" time="43.384"/>
  <system-out/>
  <testcase classname="orgs.Download.utills.DownloadApp" name="runChromeTests" time="33.811"/>
  <system-out/>
</testsuite> <!-- orgs.Download.utills.DownloadApp -->
