<?xml version="1.0" encoding="UTF-8"?>
<!-- Generated by org.testng.reporters.JUnitReportReporter -->
<testsuite hostname="DESKTOP-64117D5" failures="0" tests="1" name="org.CRMprojects.utils.EmployeeDatabase" time="71.242" errors="0" timestamp="2024-09-13T17:37:07 IST" skipped="0">
  <testcase classname="org.CRMprojects.utils.EmployeeDatabase" name="validLoginTest" time="71.242"/>
  <system-out/>
</testsuite> <!-- org.CRMprojects.utils.EmployeeDatabase -->
