<?xml version="1.0" encoding="UTF-8"?>
<!-- Generated by org.testng.reporters.JUnitReportReporter -->
<testsuite hostname="DESKTOP-64117D5" failures="0" tests="2" name="org.Home.utils.Home" time="52.905" errors="0" timestamp="2024-11-05T20:32:46 IST" skipped="0">
  <testcase classname="org.Home.utils.Home" name="scrollAndClickAdmissionEnquiryWithValidInput" time="22.223"/>
  <system-out/>
  <testcase classname="org.Home.utils.Home" name="scrollAndClickAdmissionEnquiryWithInvalidInput" time="30.682"/>
  <system-out/>
</testsuite> <!-- org.Home.utils.Home -->
