<?xml version="1.0" encoding="UTF-8"?>
<!-- Generated by org.testng.reporters.JUnitReportReporter -->
<testsuite hostname="DESKTOP-64117D5" failures="0" tests="2" name="org.Home.utils.Homeform" time="119.672" errors="0" timestamp="2024-11-05T22:44:41 IST" skipped="0">
  <testcase classname="org.Home.utils.Homeform" name="scrollAndClickAdmissionEnquiryWithInvalidInput" time="29.683"/>
  <system-out/>
  <testcase classname="org.Home.utils.Homeform" name="scrollAndClickAdmissionEnquiryWithValidInput" time="89.989"/>
  <system-out/>
</testsuite> <!-- org.Home.utils.Homeform -->
