<?xml version="1.0" encoding="UTF-8"?>
<!-- Generated by org.testng.reporters.JUnitReportReporter -->
<testsuite hostname="DESKTOP-64117D5" failures="0" tests="3" name="org.ViperGallery.utils.ViperGallery" time="60.596" errors="0" timestamp="2024-11-04T17:21:16 IST" skipped="0">
  <testcase classname="org.ViperGallery.utils.ViperGallery" name="runEdgeTests" time="19.607"/>
  <system-out/>
  <testcase classname="org.ViperGallery.utils.ViperGallery" name="runFirefoxTests" time="26.311"/>
  <system-out/>
  <testcase classname="org.ViperGallery.utils.ViperGallery" name="runChromeTests" time="14.678"/>
  <system-out/>
</testsuite> <!-- org.ViperGallery.utils.ViperGallery -->
