<?xml version="1.0" encoding="UTF-8"?>
<!-- Generated by org.testng.reporters.JUnitReportReporter -->
<testsuite hostname="DESKTOP-64117D5" failures="0" tests="1" name="org.CRMprojects.utils.Datebasemanagement" time="101.690" errors="0" timestamp="2024-09-09T13:54:57 IST" skipped="0">
  <testcase classname="org.CRMprojects.utils.Datebasemanagement" name="validLoginTest" time="101.690"/>
  <system-out/>
</testsuite> <!-- org.CRMprojects.utils.Datebasemanagement -->
