<?xml version="1.0" encoding="UTF-8"?>
<!-- Generated by org.testng.reporters.JUnitReportReporter -->
<testsuite hostname="DESKTOP-64117D5" failures="0" tests="4" name="org.Groupofcompanies.utills.Groupofcompanies" time="124.144" errors="0" timestamp="2024-11-06T14:43:18 IST" skipped="0">
  <testcase classname="org.Groupofcompanies.utills.Groupofcompanies" name="testPageNavigation" time="0.026"/>
  <system-out/>
  <testcase classname="org.Groupofcompanies.utills.Groupofcompanies" name="runChromeTests" time="19.371"/>
  <system-out/>
  <testcase classname="org.Groupofcompanies.utills.Groupofcompanies" name="runFirefoxTests" time="56.239"/>
  <system-out/>
  <testcase classname="org.Groupofcompanies.utills.Groupofcompanies" name="runEdgeTests" time="48.508"/>
  <system-out/>
</testsuite> <!-- org.Groupofcompanies.utills.Groupofcompanies -->
