<?xml version="1.0" encoding="UTF-8"?>
<!-- Generated by org.testng.reporters.JUnitReportReporter -->
<testsuite hostname="DESKTOP-64117D5" failures="0" tests="1" name="org.CRMDashboard.utils.CrmTest" time="56.288" errors="0" timestamp="2024-09-16T13:34:47 IST" skipped="0">
  <testcase classname="org.CRMDashboard.utils.CrmTest" name="validLoginTest" time="56.288"/>
  <system-out/>
</testsuite> <!-- org.CRMDashboard.utils.CrmTest -->
