<?xml version="1.0" encoding="UTF-8"?>
<!-- Generated by org.testng.reporters.JUnitReportReporter -->
<testsuite hostname="DESKTOP-64117D5" failures="0" tests="4" name="org.ourservice.utills.Ourservices" time="154.468" errors="0" timestamp="2024-11-06T14:47:05 IST" skipped="0">
  <testcase classname="org.ourservice.utills.Ourservices" name="testPageNavigation" time="0.028"/>
  <system-out/>
  <testcase classname="org.ourservice.utills.Ourservices" name="runChromeTests" time="43.026"/>
  <system-out/>
  <testcase classname="org.ourservice.utills.Ourservices" name="runFirefoxTests" time="68.188"/>
  <system-out/>
  <testcase classname="org.ourservice.utills.Ourservices" name="runEdgeTests" time="43.226"/>
  <system-out/>
</testsuite> <!-- org.ourservice.utills.Ourservices -->
