<?xml version="1.0" encoding="UTF-8"?>
<!-- Generated by org.testng.reporters.JUnitReportReporter -->
<testsuite hostname="DESKTOP-64117D5" failures="0" tests="1" name="org.CRMReportmodule.utills.EmployeeDatabaseReport" time="39.465" errors="0" timestamp="2024-09-16T12:54:02 IST" skipped="0">
  <testcase classname="org.CRMReportmodule.utills.EmployeeDatabaseReport" name="validLoginTest" time="39.465"/>
  <system-out/>
</testsuite> <!-- org.CRMReportmodule.utills.EmployeeDatabaseReport -->
