<?xml version="1.0" encoding="UTF-8"?>
<!-- Generated by org.testng.reporters.JUnitReportReporter -->
<testsuite hostname="DESKTOP-64117D5" failures="0" tests="1" name="org.CRMprojects.utils.Datautility" time="90.434" errors="0" timestamp="2024-09-09T13:44:13 IST" skipped="0">
  <testcase classname="org.CRMprojects.utils.Datautility" name="validLoginTest" time="90.434"/>
  <system-out/>
</testsuite> <!-- org.CRMprojects.utils.Datautility -->
