<?xml version="1.0" encoding="UTF-8"?>
<!-- Generated by org.testng.reporters.JUnitReportReporter -->
<testsuite hostname="DESKTOP-64117D5" failures="0" tests="3" name="org.Aboutus.utills.Aboutus" time="145.022" errors="0" timestamp="2024-11-06T14:22:43 IST" skipped="0">
  <testcase classname="org.Aboutus.utills.Aboutus" name="runChromeTests" time="24.522"/>
  <system-out/>
  <testcase classname="org.Aboutus.utills.Aboutus" name="runFirefoxTests" time="106.290"/>
  <system-out/>
  <testcase classname="org.Aboutus.utills.Aboutus" name="runEdgeTests" time="14.210"/>
  <system-out/>
</testsuite> <!-- org.Aboutus.utills.Aboutus -->
