<?xml version="1.0" encoding="UTF-8"?>
<!-- Generated by org.testng.reporters.JUnitReportReporter -->
<testsuite hostname="DESKTOP-64117D5" failures="0" tests="1" name="org.CRMproject.TC002loginPage" time="10.920" errors="0" timestamp="2024-08-21T18:40:19 IST" skipped="0">
  <testcase classname="org.CRMproject.TC002loginPage" name="login" time="10.920"/>
  <system-out/>
</testsuite> <!-- org.CRMproject.TC002loginPage -->
