<?xml version="1.0" encoding="UTF-8"?>
<!-- Generated by org.testng.reporters.JUnitReportReporter -->
<testsuite hostname="DESKTOP-64117D5" failures="0" tests="1" name="org.CRMprojects.utils.Permission" time="63.423" errors="0" timestamp="2024-09-09T14:11:59 IST" skipped="0">
  <testcase classname="org.CRMprojects.utils.Permission" name="validLoginTest" time="63.423"/>
  <system-out/>
</testsuite> <!-- org.CRMprojects.utils.Permission -->
