<?xml version="1.0" encoding="UTF-8"?>
<!-- Generated by org.testng.reporters.JUnitReportReporter -->
<testsuite hostname="DESKTOP-64117D5" failures="0" tests="1" name="org.CRMprojects.utils.HR" time="56.232" errors="0" timestamp="2024-09-09T17:53:51 IST" skipped="0">
  <testcase classname="org.CRMprojects.utils.HR" name="validLoginTest" time="56.232"/>
  <system-out/>
</testsuite> <!-- org.CRMprojects.utils.HR -->
