<?xml version="1.0" encoding="UTF-8"?>
<!-- Generated by org.testng.reporters.JUnitReportReporter -->
<testsuite hostname="DESKTOP-64117D5" failures="0" tests="1" name="org.Home.utils.Homevideo" time="37.909" errors="0" timestamp="2024-11-05T22:31:14 IST" skipped="0">
  <testcase classname="org.Home.utils.Homevideo" name="testVideoPlay" time="37.909"/>
  <system-out/>
</testsuite> <!-- org.Home.utils.Homevideo -->
