<?xml version="1.0" encoding="UTF-8"?>
<!-- Generated by org.testng.reporters.JUnitReportReporter -->
<testsuite hostname="DESKTOP-64117D5" failures="0" tests="1" name="org.CRM.utills.Home" time="24.264" errors="0" timestamp="2024-10-17T12:11:07 IST" skipped="0">
  <testcase classname="org.CRM.utills.Home" name="scrollAndClickAdmissionEnquiry" time="24.264"/>
  <system-out/>
</testsuite> <!-- org.CRM.utills.Home -->
