<?xml version="1.0" encoding="UTF-8"?>
<!-- Generated by org.testng.reporters.JUnitReportReporter -->
<testsuite hostname="DESKTOP-64117D5" failures="0" tests="1" name="org.CRMprojects.utils.Leadapplications" time="59.418" errors="0" timestamp="2024-09-09T14:06:29 IST" skipped="0">
  <testcase classname="org.CRMprojects.utils.Leadapplications" name="validLoginTest" time="59.418"/>
  <system-out/>
</testsuite> <!-- org.CRMprojects.utils.Leadapplications -->
