<?xml version="1.0" encoding="UTF-8"?>
<!-- Generated by org.testng.reporters.JUnitReportReporter -->
<testsuite hostname="DESKTOP-64117D5" failures="0" tests="4" name="org.After2.utills.After2" time="210.642" errors="0" timestamp="2024-11-06T14:35:28 IST" skipped="0">
  <testcase classname="org.After2.utills.After2" name="testPageNavigation" time="0.058"/>
  <system-out/>
  <testcase classname="org.After2.utills.After2" name="runChromeTests" time="84.078"/>
  <system-out/>
  <testcase classname="org.After2.utills.After2" name="runFirefoxTests" time="77.107"/>
  <system-out/>
  <testcase classname="org.After2.utills.After2" name="runEdgeTests" time="49.399"/>
  <system-out/>
</testsuite> <!-- org.After2.utills.After2 -->
