<?xml version="1.0" encoding="UTF-8"?>
<!-- Generated by org.testng.reporters.JUnitReportReporter -->
<testsuite hostname="DESKTOP-64117D5" failures="0" tests="1" name="org.CRMprojects.utils.Calender" time="43.677" errors="0" timestamp="2024-09-09T14:17:16 IST" skipped="0">
  <testcase classname="org.CRMprojects.utils.Calender" name="validLoginTest" time="43.677"/>
  <system-out/>
</testsuite> <!-- org.CRMprojects.utils.Calender -->
