<?xml version="1.0" encoding="UTF-8"?>
<!-- Generated by org.testng.reporters.JUnitReportReporter -->
<testsuite hostname="DESKTOP-64117D5" failures="0" tests="1" name="org.CRMprojects.CrmTest" time="58.572" errors="0" timestamp="2024-08-26T15:15:06 IST" skipped="0">
  <testcase classname="org.CRMprojects.CrmTest" name="validLoginTest" time="58.572"/>
  <system-out/>
</testsuite> <!-- org.CRMprojects.CrmTest -->
