<?xml version="1.0" encoding="UTF-8"?>
<!-- Generated by org.testng.reporters.JUnitReportReporter -->
<testsuite hostname="DESKTOP-64117D5" failures="0" tests="1" name="org.CRMprojects.utils.CrmTest" time="48.165" errors="0" timestamp="2024-09-09T14:14:48 IST" skipped="0">
  <testcase classname="org.CRMprojects.utils.CrmTest" name="validLoginTest" time="48.165"/>
  <system-out/>
</testsuite> <!-- org.CRMprojects.utils.CrmTest -->
