<?xml version="1.0" encoding="UTF-8"?>
<!-- Generated by org.testng.reporters.JUnitReportReporter -->
<testsuite hostname="DESKTOP-64117D5" failures="0" tests="1" name="org.Home1.utills.Home" time="3.906" errors="0" timestamp="2024-10-29T13:49:10 IST" skipped="0">
  <testcase classname="org.Home1.utills.Home" name="testPageNavigation" time="3.906"/>
  <system-out/>
</testsuite> <!-- org.Home1.utills.Home -->
