<?xml version="1.0" encoding="UTF-8"?>
<!-- Generated by org.testng.reporters.JUnitReportReporter -->
<testsuite hostname="DESKTOP-64117D5" failures="0" tests="4" name="org.Gallery.utils.Gallary" time="160.359" errors="0" timestamp="2024-11-06T14:40:44 IST" skipped="0">
  <testcase classname="org.Gallery.utils.Gallary" name="testPageNavigation" time="0.032"/>
  <system-out/>
  <testcase classname="org.Gallery.utils.Gallary" name="runChromeTests" time="32.681"/>
  <system-out/>
  <testcase classname="org.Gallery.utils.Gallary" name="runFirefoxTests" time="74.421"/>
  <system-out/>
  <testcase classname="org.Gallery.utils.Gallary" name="runEdgeTests" time="53.225"/>
  <system-out/>
</testsuite> <!-- org.Gallery.utils.Gallary -->
