<?xml version="1.0" encoding="UTF-8"?>
<!-- Generated by org.testng.reporters.JUnitReportReporter -->
<testsuite hostname="DESKTOP-64117D5" failures="0" tests="1" name="work.orgs.login" time="32.666" errors="0" timestamp="2024-08-26T16:03:37 IST" skipped="0">
  <testcase classname="work.orgs.login" name="login" time="32.666"/>
  <system-out/>
</testsuite> <!-- work.orgs.login -->
