<?xml version="1.0" encoding="UTF-8"?>
<!-- Generated by org.testng.reporters.JUnitReportReporter -->
<testsuite hostname="DESKTOP-64117D5" failures="0" tests="1" name="org.CRMprojects.utils.Leadsearch" time="119.809" errors="0" timestamp="2024-09-10T17:11:27 IST" skipped="0">
  <testcase classname="org.CRMprojects.utils.Leadsearch" name="validLoginTest" time="119.809"/>
  <system-out/>
</testsuite> <!-- org.CRMprojects.utils.Leadsearch -->
