<?xml version="1.0" encoding="UTF-8"?>
<!-- Generated by org.testng.reporters.JUnitReportReporter -->
<testsuite hostname="DESKTOP-64117D5" failures="0" tests="1" name="org.HR.utils.HR" time="115.592" errors="0" timestamp="2024-09-17T22:32:24 IST" skipped="0">
  <testcase classname="org.HR.utils.HR" name="validLoginTest" time="115.592"/>
  <system-out/>
</testsuite> <!-- org.HR.utils.HR -->
