<?xml version="1.0" encoding="UTF-8"?>
<!-- Generated by org.testng.reporters.JUnitReportReporter -->
<testsuite hostname="DESKTOP-64117D5" failures="0" tests="1" name="org.Document.utills.Document" time="23.141" errors="0" timestamp="2024-11-05T16:56:41 IST" skipped="0">
  <testcase classname="org.Document.utills.Document" name="testDocumentDownload" time="23.141"/>
  <system-out/>
</testsuite> <!-- org.Document.utills.Document -->
