<?xml version="1.0" encoding="UTF-8"?>
<!-- Generated by org.testng.reporters.JUnitReportReporter -->
<testsuite hostname="DESKTOP-64117D5" failures="0" tests="3" name="org.Document.utils.Document" time="141.904" errors="0" timestamp="2024-11-06T14:54:19 IST" skipped="0">
  <testcase classname="org.Document.utils.Document" name="runEdgeTests" time="48.286"/>
  <system-out/>
  <testcase classname="org.Document.utils.Document" name="runFirefoxTests" time="56.925"/>
  <system-out/>
  <testcase classname="org.Document.utils.Document" name="runChromeTests" time="36.693"/>
  <system-out/>
</testsuite> <!-- org.Document.utils.Document -->
