<?xml version="1.0" encoding="UTF-8"?>
<!-- Generated by org.testng.reporters.JUnitReportReporter -->
<testsuite hostname="DESKTOP-64117D5" failures="0" tests="3" name="org.Vipercontact.utills.Vipercontact" time="91.990" errors="0" timestamp="2024-11-04T13:51:33 IST" skipped="0">
  <testcase classname="org.Vipercontact.utills.Vipercontact" name="runChromeTests" time="39.493"/>
  <system-out/>
  <testcase classname="org.Vipercontact.utills.Vipercontact" name="runFirefoxTests" time="26.688"/>
  <system-out/>
  <testcase classname="org.Vipercontact.utills.Vipercontact" name="runEdgeTests" time="25.809"/>
  <system-out/>
</testsuite> <!-- org.Vipercontact.utills.Vipercontact -->
