<?xml version="1.0" encoding="UTF-8"?>
<!-- Generated by org.testng.reporters.JUnitReportReporter -->
<testsuite hostname="DESKTOP-64117D5" failures="0" tests="3" name="org.Homeform.utils.Homeform" time="96.105" errors="0" timestamp="2024-11-06T13:54:07 IST" skipped="0">
  <testcase classname="org.Homeform.utils.Homeform" name="runChromeTests" time="28.422"/>
  <system-out/>
  <testcase classname="org.Homeform.utils.Homeform" name="runFirefoxTests" time="35.115"/>
  <system-out/>
  <testcase classname="org.Homeform.utils.Homeform" name="runEdgeTests" time="32.568"/>
  <system-out/>
</testsuite> <!-- org.Homeform.utils.Homeform -->
