<?xml version="1.0" encoding="UTF-8"?>
<!-- Generated by org.testng.reporters.JUnitReportReporter -->
<testsuite hostname="DESKTOP-64117D5" failures="0" tests="2" name="org.Home.utils.Homes" time="117.509" errors="0" timestamp="2024-11-06T12:11:15 IST" skipped="0">
  <testcase classname="org.Home.utils.Homes" name="scrollAndClickAdmissionEnquiryWithInvalidInput" time="59.373"/>
  <system-out/>
  <testcase classname="org.Home.utils.Homes" name="scrollAndClickAdmissionEnquiryWithValidInput" time="58.136"/>
  <system-out/>
</testsuite> <!-- org.Home.utils.Homes -->
