<?xml version="1.0" encoding="UTF-8"?>
<!-- Generated by org.testng.reporters.JUnitReportReporter -->
<testsuite hostname="DESKTOP-64117D5" failures="0" tests="1" name="org.CRMprojects.utils.CRMmodule" time="63.448" errors="0" timestamp="2024-09-09T18:30:02 IST" skipped="0">
  <testcase classname="org.CRMprojects.utils.CRMmodule" name="validLoginTest" time="63.448"/>
  <system-out/>
</testsuite> <!-- org.CRMprojects.utils.CRMmodule -->
