<?xml version="1.0" encoding="UTF-8"?>
<!-- Generated by org.testng.reporters.JUnitReportReporter -->
<testsuite hostname="DESKTOP-64117D5" failures="0" tests="3" name="org.ViperHome.utills.ViperHome" time="399.772" errors="0" timestamp="2024-11-04T17:14:40 IST" skipped="0">
  <testcase classname="org.ViperHome.utills.ViperHome" name="runChromeTests" time="179.066"/>
  <system-out/>
  <testcase classname="org.ViperHome.utills.ViperHome" name="runFirefoxTests" time="42.618"/>
  <system-out/>
  <testcase classname="org.ViperHome.utills.ViperHome" name="runEdgeTests" time="178.088"/>
  <system-out/>
</testsuite> <!-- org.ViperHome.utills.ViperHome -->
