<?xml version="1.0" encoding="UTF-8"?>
<!-- Generated by org.testng.reporters.JUnitReportReporter -->
<testsuite hostname="DESKTOP-64117D5" failures="0" tests="1" name="org.CRMprojects.utils.Dashboard" time="49.100" errors="0" timestamp="2024-09-09T13:31:39 IST" skipped="0">
  <testcase classname="org.CRMprojects.utils.Dashboard" name="validLoginTest" time="49.100"/>
  <system-out/>
</testsuite> <!-- org.CRMprojects.utils.Dashboard -->
