<?xml version="1.0" encoding="UTF-8"?>
<!-- Generated by org.testng.reporters.JUnitReportReporter -->
<testsuite hostname="DESKTOP-64117D5" failures="0" tests="3" name="org.Vipercontacts.utils.ViperContact" time="54.672" errors="0" timestamp="2024-11-04T17:35:34 IST" skipped="0">
  <testcase classname="org.Vipercontacts.utils.ViperContact" name="runChromeTests" time="15.500"/>
  <system-out/>
  <testcase classname="org.Vipercontacts.utils.ViperContact" name="runFirefoxTests" time="20.992"/>
  <system-out/>
  <testcase classname="org.Vipercontacts.utils.ViperContact" name="runEdgeTests" time="18.180"/>
  <system-out/>
</testsuite> <!-- org.Vipercontacts.utils.ViperContact -->
