<?xml version="1.0" encoding="UTF-8"?>
<!-- Generated by org.testng.reporters.JUnitReportReporter -->
<testsuite hostname="DESKTOP-64117D5" failures="0" tests="1" name="org.CRMprojects.utils.AnalyticalReport" time="64.044" errors="0" timestamp="2024-09-16T12:45:37 IST" skipped="0">
  <testcase classname="org.CRMprojects.utils.AnalyticalReport" name="validLoginTest" time="64.044"/>
  <system-out/>
</testsuite> <!-- org.CRMprojects.utils.AnalyticalReport -->
