<?xml version="1.0" encoding="UTF-8"?>
<!-- Generated by org.testng.reporters.JUnitReportReporter -->
<testsuite hostname="DESKTOP-64117D5" failures="0" tests="1" name="org.CRMprojects.utils.Assignlead" time="50.175" errors="0" timestamp="2024-09-10T17:07:42 IST" skipped="0">
  <testcase classname="org.CRMprojects.utils.Assignlead" name="validLoginTest" time="50.175"/>
  <system-out/>
</testsuite> <!-- org.CRMprojects.utils.Assignlead -->
