<?xml version="1.0" encoding="UTF-8"?>
<!-- Generated by org.testng.reporters.JUnitReportReporter -->
<testsuite hostname="DESKTOP-64117D5" failures="0" tests="1" name="orgs.Download.utills.Download" time="18.600" errors="0" timestamp="2024-10-30T17:03:45 IST" skipped="0">
  <testcase classname="orgs.Download.utills.Download" name="testDownloadNavigation" time="18.600"/>
  <system-out/>
</testsuite> <!-- orgs.Download.utills.Download -->
