<?xml version="1.0" encoding="UTF-8"?>
<!-- Generated by org.testng.reporters.JUnitReportReporter -->
<testsuite hostname="DESKTOP-64117D5" failures="0" tests="1" name="org.Contact.utills.Contact" time="29.213" errors="0" timestamp="2024-10-26T11:48:21 IST" skipped="0">
  <testcase classname="org.Contact.utills.Contact" name="testPageNavigation" time="29.213"/>
  <system-out/>
</testsuite> <!-- org.Contact.utills.Contact -->
