<?xml version="1.0" encoding="UTF-8"?>
<!-- Generated by org.testng.reporters.JUnitReportReporter -->
<testsuite hostname="DESKTOP-64117D5" failures="0" tests="1" name="org.apps.Test1" time="4.492" errors="0" timestamp="2024-08-26T15:49:23 IST" skipped="0">
  <testcase classname="org.apps.Test1" name="setup" time="4.492"/>
  <system-out/>
</testsuite> <!-- org.apps.Test1 -->
