<?xml version="1.0" encoding="UTF-8"?>
<!-- Generated by org.testng.reporters.JUnitReportReporter -->
<testsuite hostname="DESKTOP-64117D5" failures="0" tests="1" name="org.Home1.utills.ViperHome" time="3.814" errors="0" timestamp="2024-10-29T13:55:50 IST" skipped="0">
  <testcase classname="org.Home1.utills.ViperHome" name="testPageNavigation" time="3.814"/>
  <system-out/>
</testsuite> <!-- org.Home1.utills.ViperHome -->
