<?xml version="1.0" encoding="UTF-8"?>
<!-- Generated by org.testng.reporters.JUnitReportReporter -->
<testsuite hostname="DESKTOP-64117D5" failures="0" tests="1" name="org.CRMprojects.utils.CRMDatabsereport" time="64.428" errors="0" timestamp="2024-09-11T13:10:59 IST" skipped="0">
  <testcase classname="org.CRMprojects.utils.CRMDatabsereport" name="validLoginTest" time="64.428"/>
  <system-out/>
</testsuite> <!-- org.CRMprojects.utils.CRMDatabsereport -->
