<?xml version="1.0" encoding="UTF-8"?>
<!-- Generated by org.testng.reporters.JUnitReportReporter -->
<testsuite hostname="DESKTOP-64117D5" failures="0" tests="4" name="org.Contact.utils.Contact" time="145.520" errors="0" timestamp="2024-11-06T14:50:38 IST" skipped="0">
  <testcase classname="org.Contact.utils.Contact" name="testPageNavigation" time="0.040"/>
  <system-out/>
  <testcase classname="org.Contact.utils.Contact" name="runChromeTests" time="48.356"/>
  <system-out/>
  <testcase classname="org.Contact.utils.Contact" name="runFirefoxTests" time="57.190"/>
  <system-out/>
  <testcase classname="org.Contact.utils.Contact" name="runEdgeTests" time="39.934"/>
  <system-out/>
</testsuite> <!-- org.Contact.utils.Contact -->
